<?xml version="1.0" encoding="UTF-8"?>
<!-- Generated by org.testng.reporters.JUnitReportReporter -->
<testsuite skipped="0" hostname="Siddharths-MacBook-Pro.local" name="webdriverMavenGIT.LoginTest" tests="1" failures="0" timestamp="14 May 2020 12:11:26 GMT" time="1.293" errors="0">
  <testcase name="doLoginIn" time="1.293" classname="webdriverMavenGIT.LoginTest"/>
</testsuite> <!-- webdriverMavenGIT.LoginTest -->
